2026-03-24 11:57:59.283 CET [Error] BadCredentialsException "org.springframework.security.authentication.BadCredentialsException: Bad credentials"
2026-03-24 12:22:58.476 CET [Error] ResourceNotFoundException "dz.elit.sihati.domain.exceptions.ResourceNotFoundException: No upcoming accepted appointment found for patient with code: U001"
2026-03-24 12:23:09.203 CET [Error] ResourceNotFoundException "dz.elit.sihati.domain.exceptions.ResourceNotFoundException: No upcoming accepted appointment found for patient with code: U006"
2026-03-24 12:23:49.673 CET [Error] ResourceNotFoundException "dz.elit.sihati.domain.exceptions.ResourceNotFoundException: No upcoming accepted appointment found for patient with code: U005"
2026-03-24 12:23:55.824 CET [Error] ResourceNotFoundException "dz.elit.sihati.domain.exceptions.ResourceNotFoundException: No upcoming accepted appointment found for patient with code: U006"
2026-03-24 12:24:00.694 CET [Error] ResourceNotFoundException "dz.elit.sihati.domain.exceptions.ResourceNotFoundException: No upcoming accepted appointment found for patient with code: U008"
2026-03-24 12:24:04.888 CET [Error] ResourceNotFoundException "dz.elit.sihati.domain.exceptions.ResourceNotFoundException: No upcoming accepted appointment found for patient with code: U009"
2026-03-24 12:25:10.309 CET [Error] getAllClaimsFromToken : "gggggggg", "JWT strings must contain exactly 2 period characters. Found: 0"
2026-03-24 12:25:10.337 CET [Error] AccessDeniedException "org.springframework.security.access.AccessDeniedException: Accès refusé"
2026-03-24 12:25:27.794 CET [Error] getAllClaimsFromToken : "gggggggg", "JWT strings must contain exactly 2 period characters. Found: 0"
2026-03-24 12:40:14.791 CET [Error] ResourceNotFoundException "dz.elit.sihati.domain.exceptions.ResourceNotFoundException: No upcoming accepted appointment found for patient with code: yasmine.baiche"
2026-03-24 12:40:40.377 CET [Error] ResourceNotFoundException "dz.elit.sihati.domain.exceptions.ResourceNotFoundException: No upcoming accepted appointment found for patient with code: salima.ikene"
2026-03-24 12:41:14.739 CET [Error] ResourceNotFoundException "dz.elit.sihati.domain.exceptions.ResourceNotFoundException: No upcoming accepted appointment found for patient with code: yasmine.baiche"
2026-03-24 12:46:20.409 CET [Error] ResourceNotFoundException "dz.elit.sihati.domain.exceptions.ResourceNotFoundException: No upcoming accepted appointment found for patient with code: U005"
2026-03-24 12:47:58.912 CET [Error] ResourceNotFoundException "dz.elit.sihati.domain.exceptions.ResourceNotFoundException: No upcoming accepted appointment found for patient with code: salima.ikene"
2026-03-24 12:49:05.907 CET [Error] ResourceNotFoundException "dz.elit.sihati.domain.exceptions.ResourceNotFoundException: No upcoming accepted appointment found for patient with code: yasmine.baiche"
2026-03-24 12:50:30.933 CET [Error] ResourceNotFoundException "dz.elit.sihati.domain.exceptions.ResourceNotFoundException: No upcoming accepted appointment found for patient with code: salima.ikene"
2026-03-24 13:06:00.957 CET [Error] ResourceNotFoundException "dz.elit.sihati.domain.exceptions.ResourceNotFoundException: No upcoming accepted appointment found for patient with code: U001"
2026-03-24 13:06:48.609 CET [Error] ResourceNotFoundException "dz.elit.sihati.domain.exceptions.ResourceNotFoundException: No upcoming accepted appointment found for patient with code: U001"
2026-03-24 13:26:59.029 CET [Error] ResourceNotFoundException "dz.elit.sihati.domain.exceptions.ResourceNotFoundException: No upcoming accepted appointment found for patient with code: U001"
2026-03-24 13:27:20.069 CET [Error] ResourceNotFoundException "dz.elit.sihati.domain.exceptions.ResourceNotFoundException: No upcoming accepted appointment found for patient with code: U008"
2026-03-24 13:27:25.627 CET [Error] ResourceNotFoundException "dz.elit.sihati.domain.exceptions.ResourceNotFoundException: No upcoming accepted appointment found for patient with code: U009"
2026-03-24 13:27:31.336 CET [Error] ResourceNotFoundException "dz.elit.sihati.domain.exceptions.ResourceNotFoundException: No upcoming accepted appointment found for patient with code: U008"
2026-03-24 13:27:36.146 CET [Error] ResourceNotFoundException "dz.elit.sihati.domain.exceptions.ResourceNotFoundException: No upcoming accepted appointment found for patient with code: U009"
2026-03-24 16:22:56.503 CET [Error] ResourceNotFoundException "dz.elit.sihati.domain.exceptions.ResourceNotFoundException: No upcoming accepted appointment found for patient with code: U001"
2026-03-24 16:23:01.534 CET [Error] ResourceNotFoundException "dz.elit.sihati.domain.exceptions.ResourceNotFoundException: No upcoming accepted appointment found for patient with code: U008"
2026-03-24 16:57:35.821 CET [Error] AccessDeniedException "org.springframework.security.access.AccessDeniedException: Accès refusé"
2026-03-24 16:57:35.821 CET [Error] AccessDeniedException "org.springframework.security.access.AccessDeniedException: Accès refusé"
2026-03-24 16:57:35.890 CET [Error] AccessDeniedException "org.springframework.security.access.AccessDeniedException: Accès refusé"
2026-03-24 17:14:23.796 CET [Error] BadCredentialsException "org.springframework.security.authentication.BadCredentialsException: Bad credentials"
2026-03-24 17:20:42.329 CET [Error] BadCredentialsException "org.springframework.security.authentication.BadCredentialsException: Bad credentials"
2026-03-24 17:20:50.409 CET [Error] ResourceNotFoundException "dz.elit.sihati.domain.exceptions.ResourceNotFoundException: No upcoming accepted appointment found for patient with code: U001"
2026-03-24 17:20:55.305 CET [Error] ResourceNotFoundException "dz.elit.sihati.domain.exceptions.ResourceNotFoundException: No upcoming accepted appointment found for patient with code: U005"
2026-03-24 17:26:30.436 CET [Error] AccessDeniedException "org.springframework.security.access.AccessDeniedException: Accès refusé"
2026-03-24 17:27:01.951 CET [Error] ResourceNotFoundException "dz.elit.sihati.domain.exceptions.ResourceNotFoundException: No upcoming accepted appointment found for patient with code: U001"
2026-03-24 17:34:16.702 CET [Error] ResourceNotFoundException "dz.elit.sihati.domain.exceptions.ResourceNotFoundException: No upcoming accepted appointment found for patient with code: U001"
2026-03-24 18:19:32.298 CET [Error] ResourceNotFoundException "dz.elit.sihati.domain.exceptions.ResourceNotFoundException: No upcoming accepted appointment found for patient with code: U001"
2026-03-24 18:36:53.551 CET [Error] BadCredentialsException "org.springframework.security.authentication.BadCredentialsException: Bad credentials"
2026-03-24 18:37:08.778 CET [Error] ResourceNotFoundException "dz.elit.sihati.domain.exceptions.ResourceNotFoundException: No upcoming accepted appointment found for patient with code: U001"
2026-03-24 18:49:23.979 CET [Error] BadCredentialsException "org.springframework.security.authentication.BadCredentialsException: Bad credentials"
