2026-04-07 00:00:52.326 WAT [Error] AccessDeniedException "org.springframework.security.access.AccessDeniedException: Accès refusé"
2026-04-07 00:01:52.943 WAT [Error] AccessDeniedException "org.springframework.security.access.AccessDeniedException: Accès refusé"
2026-04-07 00:02:52.317 WAT [Error] AccessDeniedException "org.springframework.security.access.AccessDeniedException: Accès refusé"
2026-04-07 00:03:52.954 WAT [Error] AccessDeniedException "org.springframework.security.access.AccessDeniedException: Accès refusé"
2026-04-07 00:04:52.319 WAT [Error] AccessDeniedException "org.springframework.security.access.AccessDeniedException: Accès refusé"
2026-04-07 00:05:52.947 WAT [Error] AccessDeniedException "org.springframework.security.access.AccessDeniedException: Accès refusé"
2026-04-07 00:06:52.321 WAT [Error] AccessDeniedException "org.springframework.security.access.AccessDeniedException: Accès refusé"
2026-04-07 00:07:52.943 WAT [Error] AccessDeniedException "org.springframework.security.access.AccessDeniedException: Accès refusé"
2026-04-07 00:08:52.318 WAT [Error] AccessDeniedException "org.springframework.security.access.AccessDeniedException: Accès refusé"
2026-04-07 00:09:52.952 WAT [Error] AccessDeniedException "org.springframework.security.access.AccessDeniedException: Accès refusé"
2026-04-07 00:10:52.320 WAT [Error] AccessDeniedException "org.springframework.security.access.AccessDeniedException: Accès refusé"
2026-04-07 00:11:52.951 WAT [Error] AccessDeniedException "org.springframework.security.access.AccessDeniedException: Accès refusé"
2026-04-07 00:12:52.326 WAT [Error] AccessDeniedException "org.springframework.security.access.AccessDeniedException: Accès refusé"
2026-04-07 00:13:52.948 WAT [Error] AccessDeniedException "org.springframework.security.access.AccessDeniedException: Accès refusé"
2026-04-07 00:14:52.327 WAT [Error] AccessDeniedException "org.springframework.security.access.AccessDeniedException: Accès refusé"
2026-04-07 00:15:52.938 WAT [Error] AccessDeniedException "org.springframework.security.access.AccessDeniedException: Accès refusé"
2026-04-07 00:16:52.323 WAT [Error] AccessDeniedException "org.springframework.security.access.AccessDeniedException: Accès refusé"
2026-04-07 00:17:52.957 WAT [Error] AccessDeniedException "org.springframework.security.access.AccessDeniedException: Accès refusé"
2026-04-07 00:18:52.319 WAT [Error] AccessDeniedException "org.springframework.security.access.AccessDeniedException: Accès refusé"
2026-04-07 00:19:52.941 WAT [Error] AccessDeniedException "org.springframework.security.access.AccessDeniedException: Accès refusé"
2026-04-07 00:20:52.321 WAT [Error] AccessDeniedException "org.springframework.security.access.AccessDeniedException: Accès refusé"
2026-04-07 17:34:39.332 WAT [Error] AccessDeniedException "org.springframework.security.access.AccessDeniedException: Accès refusé"
2026-04-07 17:34:39.332 WAT [Error] AccessDeniedException "org.springframework.security.access.AccessDeniedException: Accès refusé"
2026-04-07 17:34:39.866 WAT [Error] AccessDeniedException "org.springframework.security.access.AccessDeniedException: Accès refusé"
2026-04-07 17:34:51.603 WAT [Error] ResourceNotFoundException "dz.elit.sihati.domain.exceptions.ResourceNotFoundException: user with username : mouzaoui.rayane is not Exist"
2026-04-07 19:00:54.046 WAT [Error] AccessDeniedException "org.springframework.security.access.AccessDeniedException: Accès refusé"
2026-04-07 19:00:58.345 WAT [Error] AccessDeniedException "org.springframework.security.access.AccessDeniedException: Accès refusé"
2026-04-07 20:54:37.693 WAT [Error] AccessDeniedException "org.springframework.security.access.AccessDeniedException: Accès refusé"
2026-04-07 20:55:09.232 WAT [Error] ResourceNotFoundException "dz.elit.sihati.domain.exceptions.ResourceNotFoundException: Patient with code=null does not exist"
2026-04-07 20:55:33.642 WAT [Error] ResourceNotFoundException "dz.elit.sihati.domain.exceptions.ResourceNotFoundException: Patient with code=null does not exist"
2026-04-07 20:56:18.653 WAT [Error] getAllClaimsFromToken : "gggggggg", "JWT strings must contain exactly 2 period characters. Found: 0"
2026-04-07 20:56:18.657 WAT [Error] AccessDeniedException "org.springframework.security.access.AccessDeniedException: Accès refusé"
2026-04-07 20:56:24.268 WAT [Error] getAllClaimsFromToken : "gggggggg", "JWT strings must contain exactly 2 period characters. Found: 0"
2026-04-07 20:56:42.842 WAT [Error] getAllClaimsFromToken : "gggggggg", "JWT strings must contain exactly 2 period characters. Found: 0"
2026-04-07 20:56:42.843 WAT [Error] AccessDeniedException "org.springframework.security.access.AccessDeniedException: Accès refusé"
2026-04-07 20:56:43.818 WAT [Error] getAllClaimsFromToken : "gggggggg", "JWT strings must contain exactly 2 period characters. Found: 0"
2026-04-07 20:56:44.441 WAT [Error] getAllClaimsFromToken : "gggggggg", "JWT strings must contain exactly 2 period characters. Found: 0"
2026-04-07 20:56:44.442 WAT [Error] AccessDeniedException "org.springframework.security.access.AccessDeniedException: Accès refusé"
2026-04-07 20:56:47.604 WAT [Error] getAllClaimsFromToken : "gggggggg", "JWT strings must contain exactly 2 period characters. Found: 0"
2026-04-07 20:56:53.549 WAT [Error] getAllClaimsFromToken : "gggggggg", "JWT strings must contain exactly 2 period characters. Found: 0"
2026-04-07 20:56:53.550 WAT [Error] AccessDeniedException "org.springframework.security.access.AccessDeniedException: Accès refusé"
2026-04-07 20:57:23.533 WAT [Error] getAllClaimsFromToken : "gggggggg", "JWT strings must contain exactly 2 period characters. Found: 0"
2026-04-07 20:57:23.534 WAT [Error] AccessDeniedException "org.springframework.security.access.AccessDeniedException: Accès refusé"
2026-04-07 20:57:52.916 WAT [Error] getAllClaimsFromToken : "gggggggg", "JWT strings must contain exactly 2 period characters. Found: 0"
2026-04-07 20:57:52.917 WAT [Error] AccessDeniedException "org.springframework.security.access.AccessDeniedException: Accès refusé"
2026-04-07 20:58:04.542 WAT [Error] getAllClaimsFromToken : "gggggggg", "JWT strings must contain exactly 2 period characters. Found: 0"
2026-04-07 20:58:04.542 WAT [Error] getAllClaimsFromToken : "gggggggg", "JWT strings must contain exactly 2 period characters. Found: 0"
2026-04-07 20:58:04.543 WAT [Error] AccessDeniedException "org.springframework.security.access.AccessDeniedException: Accès refusé"
2026-04-07 20:58:09.846 WAT [Error] getAllClaimsFromToken : "gggggggg", "JWT strings must contain exactly 2 period characters. Found: 0"
2026-04-07 20:58:23.851 WAT [Error] getAllClaimsFromToken : "gggggggg", "JWT strings must contain exactly 2 period characters. Found: 0"
2026-04-07 20:58:23.852 WAT [Error] AccessDeniedException "org.springframework.security.access.AccessDeniedException: Accès refusé"
2026-04-07 20:58:53.214 WAT [Error] getAllClaimsFromToken : "gggggggg", "JWT strings must contain exactly 2 period characters. Found: 0"
2026-04-07 20:58:53.215 WAT [Error] AccessDeniedException "org.springframework.security.access.AccessDeniedException: Accès refusé"
2026-04-07 21:00:01.565 WAT [Error] getAllClaimsFromToken : "gggggggg", "JWT strings must contain exactly 2 period characters. Found: 0"
2026-04-07 21:00:01.628 WAT [Error] AccessDeniedException "org.springframework.security.access.AccessDeniedException: Accès refusé"
2026-04-07 21:00:09.787 WAT [Error] getAllClaimsFromToken : "gggggggg", "JWT strings must contain exactly 2 period characters. Found: 0"
2026-04-07 21:00:09.791 WAT [Error] AccessDeniedException "org.springframework.security.access.AccessDeniedException: Accès refusé"
2026-04-07 21:00:25.854 WAT [Error] getAllClaimsFromToken : "gggggggg", "JWT strings must contain exactly 2 period characters. Found: 0"
2026-04-07 21:00:26.095 WAT [Error] ResourceNotFoundException "dz.elit.sihati.domain.exceptions.ResourceNotFoundException: user with username : rayan.mouzaoui is not Exist"
2026-04-07 21:00:32.134 WAT [Error] getAllClaimsFromToken : "gggggggg", "JWT strings must contain exactly 2 period characters. Found: 0"
2026-04-07 22:01:00.221 WAT [Error] AccessDeniedException "org.springframework.security.access.AccessDeniedException: Accès refusé"
2026-04-07 22:02:00.847 WAT [Error] AccessDeniedException "org.springframework.security.access.AccessDeniedException: Accès refusé"
2026-04-07 22:03:00.231 WAT [Error] AccessDeniedException "org.springframework.security.access.AccessDeniedException: Accès refusé"
2026-04-07 22:04:00.841 WAT [Error] AccessDeniedException "org.springframework.security.access.AccessDeniedException: Accès refusé"
2026-04-07 22:05:00.230 WAT [Error] AccessDeniedException "org.springframework.security.access.AccessDeniedException: Accès refusé"
2026-04-07 22:06:00.852 WAT [Error] AccessDeniedException "org.springframework.security.access.AccessDeniedException: Accès refusé"
2026-04-07 22:07:00.223 WAT [Error] AccessDeniedException "org.springframework.security.access.AccessDeniedException: Accès refusé"
2026-04-07 22:08:00.840 WAT [Error] AccessDeniedException "org.springframework.security.access.AccessDeniedException: Accès refusé"
2026-04-07 22:09:00.233 WAT [Error] AccessDeniedException "org.springframework.security.access.AccessDeniedException: Accès refusé"
2026-04-07 22:10:00.840 WAT [Error] AccessDeniedException "org.springframework.security.access.AccessDeniedException: Accès refusé"
2026-04-07 23:53:26.092 WAT [Error] AccessDeniedException "org.springframework.security.access.AccessDeniedException: Accès refusé"
