2026-03-27 00:02:00.026 CET [Error] ResourceNotFoundException "dz.elit.sihati.domain.exceptions.ResourceNotFoundException: No upcoming accepted appointment found for patient with code: U005"
2026-03-27 00:18:46.634 CET [Error] ResourceNotFoundException "dz.elit.sihati.domain.exceptions.ResourceNotFoundException: No upcoming accepted appointment found for patient with code: U005"
2026-03-27 00:32:44.833 CET [Error] ResourceNotFoundException "dz.elit.sihati.domain.exceptions.ResourceNotFoundException: No consultation found for patient with code: U001"
2026-03-27 00:35:04.874 CET [Error] AccessDeniedException "org.springframework.security.access.AccessDeniedException: Accès refusé"
2026-03-27 00:35:23.118 CET [Error] AccessDeniedException "org.springframework.security.access.AccessDeniedException: Accès refusé"
2026-03-27 00:39:24.040 CET [Error] ResourceNotFoundException "dz.elit.sihati.domain.exceptions.ResourceNotFoundException: No upcoming accepted appointment found for patient with code: U006"
2026-03-27 00:40:03.948 CET [Error] ResourceNotFoundException "dz.elit.sihati.domain.exceptions.ResourceNotFoundException: No upcoming accepted appointment found for patient with code: U006"
2026-03-27 00:42:31.068 CET [Error] ResourceNotFoundException "dz.elit.sihati.domain.exceptions.ResourceNotFoundException: No upcoming accepted appointment found for patient with code: U006"
2026-03-27 00:50:53.694 CET [Error] ResourceNotFoundException "dz.elit.sihati.domain.exceptions.ResourceNotFoundException: No consultation found for patient with code: U001"
2026-03-27 00:57:11.646 CET [Error] ResourceNotFoundException "dz.elit.sihati.domain.exceptions.ResourceNotFoundException: No consultation found for patient with code: U001"
2026-03-27 01:07:10.812 CET [Error] ResourceNotFoundException "dz.elit.sihati.domain.exceptions.ResourceNotFoundException: No consultation found for patient with code: U001"
2026-03-27 01:08:22.120 CET [Error] ResourceNotFoundException "dz.elit.sihati.domain.exceptions.ResourceNotFoundException: No upcoming accepted appointment found for patient with code: U008"
2026-03-27 01:08:22.386 CET [Error] ResourceNotFoundException "dz.elit.sihati.domain.exceptions.ResourceNotFoundException: No consultation found for patient with code: U008"
2026-03-27 01:13:36.679 CET [Error] ResourceNotFoundException "dz.elit.sihati.domain.exceptions.ResourceNotFoundException: No consultation found for patient with code: U001"
2026-03-27 01:17:25.563 CET [Error] AccessDeniedException "org.springframework.security.access.AccessDeniedException: Accès refusé"
2026-03-27 01:18:48.307 CET [Error] AccessDeniedException "org.springframework.security.access.AccessDeniedException: Accès refusé"
2026-03-27 01:19:03.877 CET [Error] AccessDeniedException "org.springframework.security.access.AccessDeniedException: Accès refusé"
2026-03-27 01:19:13.107 CET [Error] AccessDeniedException "org.springframework.security.access.AccessDeniedException: Accès refusé"
2026-03-27 01:23:22.149 CET [Error] ResourceNotFoundException "dz.elit.sihati.domain.exceptions.ResourceNotFoundException: No consultation found for patient with code: U001"
2026-03-27 01:28:38.715 CET [Error] ResourceNotFoundException "dz.elit.sihati.domain.exceptions.ResourceNotFoundException: No consultation found for patient with code: U001"
2026-03-27 01:33:23.960 CET [Error] ResourceNotFoundException "dz.elit.sihati.domain.exceptions.ResourceNotFoundException: No consultation found for patient with code: U001"
2026-03-27 01:33:37.346 CET [Error] BadCredentialsException "org.springframework.security.authentication.BadCredentialsException: Bad credentials"
2026-03-27 14:49:48.174 CET [Error] AccessDeniedException "org.springframework.security.access.AccessDeniedException: Accès refusé"
2026-03-27 14:56:06.891 CET [Error] ResourceNotFoundException "dz.elit.sihati.domain.exceptions.ResourceNotFoundException: No consultation found for patient with code: U001"
2026-03-27 15:38:06.032 CET [Error] ResourceNotFoundException "dz.elit.sihati.domain.exceptions.ResourceNotFoundException: No consultation found for patient with code: U001"
2026-03-27 15:39:20.315 CET [Error] ResourceNotFoundException "dz.elit.sihati.domain.exceptions.ResourceNotFoundException: No consultation found for patient with code: U001"
2026-03-27 15:42:20.052 CET [Error] ResourceNotFoundException "dz.elit.sihati.domain.exceptions.ResourceNotFoundException: No consultation found for patient with code: U001"
2026-03-27 15:42:33.293 CET [Error] ResourceNotFoundException "dz.elit.sihati.domain.exceptions.ResourceNotFoundException: No upcoming accepted appointment found for patient with code: U008"
2026-03-27 16:08:31.111 CET [Error] ResourceNotFoundException "dz.elit.sihati.domain.exceptions.ResourceNotFoundException: No consultation found for patient with code: U001"
2026-03-27 16:08:39.980 CET [Error] ResourceNotFoundException "dz.elit.sihati.domain.exceptions.ResourceNotFoundException: No consultation found for patient with code: U001"
2026-03-27 16:10:39.525 CET [Error] ResourceNotFoundException "dz.elit.sihati.domain.exceptions.ResourceNotFoundException: No consultation found for patient with code: U001"
2026-03-27 16:11:37.289 CET [Error] AccessDeniedException "org.springframework.security.access.AccessDeniedException: Accès refusé"
2026-03-27 16:11:51.580 CET [Error] AccessDeniedException "org.springframework.security.access.AccessDeniedException: Accès refusé"
2026-03-27 16:20:30.627 CET [Error] getAllClaimsFromToken : "gggggggg", "JWT strings must contain exactly 2 period characters. Found: 0"
2026-03-27 17:11:11.002 CET [Error] ResourceNotFoundException "dz.elit.sihati.domain.exceptions.ResourceNotFoundException: No consultation found for patient with code: U001"
2026-03-27 21:33:22.031 CET [Error] ResourceNotFoundException "dz.elit.sihati.domain.exceptions.ResourceNotFoundException: No consultation found for patient with code: U001"
2026-03-27 22:31:52.983 CET [Error] ResourceNotFoundException "dz.elit.sihati.domain.exceptions.ResourceNotFoundException: No consultation found for patient with code: U001"
2026-03-27 22:35:21.304 CET [Error] ResourceNotFoundException "dz.elit.sihati.domain.exceptions.ResourceNotFoundException: No consultation found for patient with code: U001"
2026-03-27 22:37:25.678 CET [Error] ResourceNotFoundException "dz.elit.sihati.domain.exceptions.ResourceNotFoundException: No consultation found for patient with code: U001"
2026-03-27 23:23:40.347 CET [Error] AccessDeniedException "org.springframework.security.access.AccessDeniedException: Accès refusé"
2026-03-27 23:23:40.347 CET [Error] AccessDeniedException "org.springframework.security.access.AccessDeniedException: Accès refusé"
2026-03-27 23:23:41.226 CET [Error] AccessDeniedException "org.springframework.security.access.AccessDeniedException: Accès refusé"
2026-03-27 23:36:55.926 CET [Error] ResourceNotFoundException "dz.elit.sihati.domain.exceptions.ResourceNotFoundException: No upcoming accepted appointment found for patient with code: U006"
