2026-04-03 10:44:18.600 WAT [Error] AccessDeniedException "org.springframework.security.access.AccessDeniedException: Accès refusé"
2026-04-03 10:44:40.568 WAT [Error] getAllClaimsFromToken : "gggggggg", "JWT strings must contain exactly 2 period characters. Found: 0"
2026-04-03 10:44:40.570 WAT [Error] AccessDeniedException "org.springframework.security.access.AccessDeniedException: Accès refusé"
2026-04-03 15:48:01.305 WAT [Error] ResourceNotFoundException "dz.elit.sihati.domain.exceptions.ResourceNotFoundException: No upcoming accepted appointment found for patient with code: U003"
2026-04-03 15:48:01.762 WAT [Error] ResourceNotFoundException "dz.elit.sihati.domain.exceptions.ResourceNotFoundException: No consultation found for patient with code: U003"
2026-04-03 15:50:11.211 WAT [Error] AccessDeniedException "org.springframework.security.access.AccessDeniedException: Accès refusé"
2026-04-03 15:50:29.782 WAT [Error] ResourceNotFoundException "dz.elit.sihati.domain.exceptions.ResourceNotFoundException: user with username : mouzaoui.rayane is not Exist"
2026-04-03 16:50:53.944 WAT [Error] AccessDeniedException "org.springframework.security.access.AccessDeniedException: Accès refusé"
2026-04-03 16:51:53.329 WAT [Error] AccessDeniedException "org.springframework.security.access.AccessDeniedException: Accès refusé"
2026-04-03 16:52:53.946 WAT [Error] AccessDeniedException "org.springframework.security.access.AccessDeniedException: Accès refusé"
2026-04-03 16:53:53.333 WAT [Error] AccessDeniedException "org.springframework.security.access.AccessDeniedException: Accès refusé"
2026-04-03 16:54:53.952 WAT [Error] AccessDeniedException "org.springframework.security.access.AccessDeniedException: Accès refusé"
2026-04-03 16:55:21.326 WAT [Error] AccessDeniedException "org.springframework.security.access.AccessDeniedException: Accès refusé"
2026-04-03 16:55:51.944 WAT [Error] AccessDeniedException "org.springframework.security.access.AccessDeniedException: Accès refusé"
2026-04-03 16:56:21.331 WAT [Error] AccessDeniedException "org.springframework.security.access.AccessDeniedException: Accès refusé"
2026-04-03 16:56:51.945 WAT [Error] AccessDeniedException "org.springframework.security.access.AccessDeniedException: Accès refusé"
2026-04-03 16:57:21.325 WAT [Error] AccessDeniedException "org.springframework.security.access.AccessDeniedException: Accès refusé"
2026-04-03 16:57:51.952 WAT [Error] AccessDeniedException "org.springframework.security.access.AccessDeniedException: Accès refusé"
2026-04-03 16:58:21.326 WAT [Error] AccessDeniedException "org.springframework.security.access.AccessDeniedException: Accès refusé"
2026-04-03 16:58:51.942 WAT [Error] AccessDeniedException "org.springframework.security.access.AccessDeniedException: Accès refusé"
2026-04-03 16:59:21.326 WAT [Error] AccessDeniedException "org.springframework.security.access.AccessDeniedException: Accès refusé"
2026-04-03 16:59:51.934 WAT [Error] AccessDeniedException "org.springframework.security.access.AccessDeniedException: Accès refusé"
2026-04-03 17:00:52.953 WAT [Error] AccessDeniedException "org.springframework.security.access.AccessDeniedException: Accès refusé"
2026-04-03 17:01:53.956 WAT [Error] AccessDeniedException "org.springframework.security.access.AccessDeniedException: Accès refusé"
2026-04-03 17:02:53.329 WAT [Error] AccessDeniedException "org.springframework.security.access.AccessDeniedException: Accès refusé"
2026-04-03 17:03:53.951 WAT [Error] AccessDeniedException "org.springframework.security.access.AccessDeniedException: Accès refusé"
2026-04-03 17:04:53.335 WAT [Error] AccessDeniedException "org.springframework.security.access.AccessDeniedException: Accès refusé"
2026-04-03 17:05:53.963 WAT [Error] AccessDeniedException "org.springframework.security.access.AccessDeniedException: Accès refusé"
2026-04-03 17:06:53.322 WAT [Error] AccessDeniedException "org.springframework.security.access.AccessDeniedException: Accès refusé"
2026-04-03 17:07:53.950 WAT [Error] AccessDeniedException "org.springframework.security.access.AccessDeniedException: Accès refusé"
2026-04-03 17:08:53.325 WAT [Error] AccessDeniedException "org.springframework.security.access.AccessDeniedException: Accès refusé"
2026-04-03 17:09:21.951 WAT [Error] AccessDeniedException "org.springframework.security.access.AccessDeniedException: Accès refusé"
2026-04-03 17:09:51.331 WAT [Error] AccessDeniedException "org.springframework.security.access.AccessDeniedException: Accès refusé"
2026-04-03 17:10:21.950 WAT [Error] AccessDeniedException "org.springframework.security.access.AccessDeniedException: Accès refusé"
2026-04-03 17:10:51.318 WAT [Error] AccessDeniedException "org.springframework.security.access.AccessDeniedException: Accès refusé"
2026-04-03 17:11:21.953 WAT [Error] AccessDeniedException "org.springframework.security.access.AccessDeniedException: Accès refusé"
2026-04-03 17:11:50.867 WAT [Error] AccessDeniedException "org.springframework.security.access.AccessDeniedException: Accès refusé"
2026-04-03 17:12:21.403 WAT [Error] AccessDeniedException "org.springframework.security.access.AccessDeniedException: Accès refusé"
2026-04-03 17:12:39.440 WAT [Error] AccessDeniedException "org.springframework.security.access.AccessDeniedException: Accès refusé"
2026-04-03 17:12:56.879 WAT [Error] BadCredentialsException "org.springframework.security.authentication.BadCredentialsException: Bad credentials"
2026-04-03 17:13:04.289 WAT [Error] BadCredentialsException "org.springframework.security.authentication.BadCredentialsException: Bad credentials"
2026-04-03 18:12:44.589 WAT [Error] ResourceNotFoundException "dz.elit.sihati.domain.exceptions.ResourceNotFoundException: No upcoming accepted appointment found for patient with code: U006"
2026-04-03 18:13:53.949 WAT [Error] AccessDeniedException "org.springframework.security.access.AccessDeniedException: Accès refusé"
2026-04-03 18:14:53.330 WAT [Error] AccessDeniedException "org.springframework.security.access.AccessDeniedException: Accès refusé"
2026-04-03 18:15:53.939 WAT [Error] AccessDeniedException "org.springframework.security.access.AccessDeniedException: Accès refusé"
2026-04-03 18:16:53.327 WAT [Error] AccessDeniedException "org.springframework.security.access.AccessDeniedException: Accès refusé"
2026-04-03 18:17:53.950 WAT [Error] AccessDeniedException "org.springframework.security.access.AccessDeniedException: Accès refusé"
2026-04-03 18:18:53.326 WAT [Error] AccessDeniedException "org.springframework.security.access.AccessDeniedException: Accès refusé"
2026-04-03 18:19:53.947 WAT [Error] AccessDeniedException "org.springframework.security.access.AccessDeniedException: Accès refusé"
2026-04-03 18:20:53.325 WAT [Error] AccessDeniedException "org.springframework.security.access.AccessDeniedException: Accès refusé"
2026-04-03 18:21:53.941 WAT [Error] AccessDeniedException "org.springframework.security.access.AccessDeniedException: Accès refusé"
2026-04-03 18:22:53.332 WAT [Error] AccessDeniedException "org.springframework.security.access.AccessDeniedException: Accès refusé"
2026-04-03 18:23:53.950 WAT [Error] AccessDeniedException "org.springframework.security.access.AccessDeniedException: Accès refusé"
2026-04-03 18:24:53.324 WAT [Error] AccessDeniedException "org.springframework.security.access.AccessDeniedException: Accès refusé"
2026-04-03 18:25:53.946 WAT [Error] AccessDeniedException "org.springframework.security.access.AccessDeniedException: Accès refusé"
2026-04-03 18:26:53.330 WAT [Error] AccessDeniedException "org.springframework.security.access.AccessDeniedException: Accès refusé"
2026-04-03 18:27:53.949 WAT [Error] AccessDeniedException "org.springframework.security.access.AccessDeniedException: Accès refusé"
2026-04-03 18:28:53.317 WAT [Error] AccessDeniedException "org.springframework.security.access.AccessDeniedException: Accès refusé"
2026-04-03 18:29:53.951 WAT [Error] AccessDeniedException "org.springframework.security.access.AccessDeniedException: Accès refusé"
2026-04-03 18:30:53.945 WAT [Error] AccessDeniedException "org.springframework.security.access.AccessDeniedException: Accès refusé"
2026-04-03 18:31:53.330 WAT [Error] AccessDeniedException "org.springframework.security.access.AccessDeniedException: Accès refusé"
2026-04-03 18:32:18.791 WAT [Error] ResourceNotFoundException "dz.elit.sihati.domain.exceptions.ResourceNotFoundException: No upcoming accepted appointment found for patient with code: U006"
2026-04-03 18:32:50.957 WAT [Error] getAllClaimsFromToken : "TOKEN", "JWT strings must contain exactly 2 period characters. Found: 0"
2026-04-03 18:32:51.089 WAT [Error] AccessDeniedException "org.springframework.security.access.AccessDeniedException: Accès refusé"
2026-04-03 18:32:53.948 WAT [Error] AccessDeniedException "org.springframework.security.access.AccessDeniedException: Accès refusé"
2026-04-03 18:33:53.319 WAT [Error] AccessDeniedException "org.springframework.security.access.AccessDeniedException: Accès refusé"
2026-04-03 18:34:53.937 WAT [Error] AccessDeniedException "org.springframework.security.access.AccessDeniedException: Accès refusé"
2026-04-03 18:35:53.320 WAT [Error] AccessDeniedException "org.springframework.security.access.AccessDeniedException: Accès refusé"
2026-04-03 18:36:53.950 WAT [Error] AccessDeniedException "org.springframework.security.access.AccessDeniedException: Accès refusé"
2026-04-03 18:37:39.688 WAT [Error] getAllClaimsFromToken : "curl -k -X POST https://192.168.1.1:8443/api/production/newnotification/create -H Content-Type:", "JWT strings must contain exactly 2 period characters. Found: 3"
2026-04-03 18:37:53.331 WAT [Error] AccessDeniedException "org.springframework.security.access.AccessDeniedException: Accès refusé"
2026-04-03 18:38:17.442 WAT [Error] getAllClaimsFromToken : "curl -k -X POST https://192.168.1.1:8443/api/production/newnotification/create -H Content-Type:", "JWT strings must contain exactly 2 period characters. Found: 3"
2026-04-03 18:38:45.257 WAT [Error] getAllClaimsFromToken : "curl -k -X POST https://192.168.1.1:8443/api/production/newnotification/create -H Content-Type:", "JWT strings must contain exactly 2 period characters. Found: 3"
2026-04-03 18:38:45.262 WAT [Error] AccessDeniedException "org.springframework.security.access.AccessDeniedException: Accès refusé"
2026-04-03 18:38:53.956 WAT [Error] AccessDeniedException "org.springframework.security.access.AccessDeniedException: Accès refusé"
2026-04-03 18:39:53.324 WAT [Error] AccessDeniedException "org.springframework.security.access.AccessDeniedException: Accès refusé"
2026-04-03 18:40:53.955 WAT [Error] AccessDeniedException "org.springframework.security.access.AccessDeniedException: Accès refusé"
2026-04-03 18:41:53.940 WAT [Error] AccessDeniedException "org.springframework.security.access.AccessDeniedException: Accès refusé"
2026-04-03 18:42:04.252 WAT [Error] getAllClaimsFromToken : "gggggggg", "JWT strings must contain exactly 2 period characters. Found: 0"
2026-04-03 18:42:04.253 WAT [Error] AccessDeniedException "org.springframework.security.access.AccessDeniedException: Accès refusé"
2026-04-03 18:42:04.258 WAT [Error] getAllClaimsFromToken : "gggggggg", "JWT strings must contain exactly 2 period characters. Found: 0"
2026-04-03 18:42:04.260 WAT [Error] AccessDeniedException "org.springframework.security.access.AccessDeniedException: Accès refusé"
2026-04-03 18:42:05.623 WAT [Error] getAllClaimsFromToken : "gggggggg", "JWT strings must contain exactly 2 period characters. Found: 0"
2026-04-03 18:42:05.623 WAT [Error] getAllClaimsFromToken : "gggggggg", "JWT strings must contain exactly 2 period characters. Found: 0"
2026-04-03 18:42:05.624 WAT [Error] AccessDeniedException "org.springframework.security.access.AccessDeniedException: Accès refusé"
2026-04-03 18:42:05.624 WAT [Error] AccessDeniedException "org.springframework.security.access.AccessDeniedException: Accès refusé"
2026-04-03 18:42:06.153 WAT [Error] getAllClaimsFromToken : "gggggggg", "JWT strings must contain exactly 2 period characters. Found: 0"
2026-04-03 18:42:06.153 WAT [Error] getAllClaimsFromToken : "gggggggg", "JWT strings must contain exactly 2 period characters. Found: 0"
2026-04-03 18:42:06.154 WAT [Error] AccessDeniedException "org.springframework.security.access.AccessDeniedException: Accès refusé"
2026-04-03 18:42:06.154 WAT [Error] AccessDeniedException "org.springframework.security.access.AccessDeniedException: Accès refusé"
2026-04-03 18:42:09.536 WAT [Error] getAllClaimsFromToken : "gggggggg", "JWT strings must contain exactly 2 period characters. Found: 0"
2026-04-03 18:42:09.537 WAT [Error] AccessDeniedException "org.springframework.security.access.AccessDeniedException: Accès refusé"
2026-04-03 18:42:09.537 WAT [Error] getAllClaimsFromToken : "gggggggg", "JWT strings must contain exactly 2 period characters. Found: 0"
2026-04-03 18:42:09.538 WAT [Error] AccessDeniedException "org.springframework.security.access.AccessDeniedException: Accès refusé"
2026-04-03 18:42:14.069 WAT [Error] getAllClaimsFromToken : "gggggggg", "JWT strings must contain exactly 2 period characters. Found: 0"
2026-04-03 18:42:14.069 WAT [Error] getAllClaimsFromToken : "gggggggg", "JWT strings must contain exactly 2 period characters. Found: 0"
2026-04-03 18:42:14.070 WAT [Error] AccessDeniedException "org.springframework.security.access.AccessDeniedException: Accès refusé"
2026-04-03 18:42:14.070 WAT [Error] AccessDeniedException "org.springframework.security.access.AccessDeniedException: Accès refusé"
2026-04-03 18:42:53.329 WAT [Error] AccessDeniedException "org.springframework.security.access.AccessDeniedException: Accès refusé"
2026-04-03 18:43:53.942 WAT [Error] AccessDeniedException "org.springframework.security.access.AccessDeniedException: Accès refusé"
2026-04-03 18:44:53.327 WAT [Error] AccessDeniedException "org.springframework.security.access.AccessDeniedException: Accès refusé"
2026-04-03 18:45:53.952 WAT [Error] AccessDeniedException "org.springframework.security.access.AccessDeniedException: Accès refusé"
2026-04-03 18:46:53.331 WAT [Error] AccessDeniedException "org.springframework.security.access.AccessDeniedException: Accès refusé"
2026-04-03 18:47:53.952 WAT [Error] AccessDeniedException "org.springframework.security.access.AccessDeniedException: Accès refusé"
2026-04-03 18:48:53.329 WAT [Error] AccessDeniedException "org.springframework.security.access.AccessDeniedException: Accès refusé"
2026-04-03 18:49:53.945 WAT [Error] AccessDeniedException "org.springframework.security.access.AccessDeniedException: Accès refusé"
2026-04-03 18:50:06.074 WAT [Error] BadCredentialsException "org.springframework.security.authentication.BadCredentialsException: Bad credentials"
2026-04-03 18:50:27.383 WAT [Error] ResourceNotFoundException "dz.elit.sihati.domain.exceptions.ResourceNotFoundException: No upcoming accepted appointment found for patient with code: U006"
2026-04-03 18:50:52.155 WAT [Error] getAllClaimsFromToken : "gggggggg", "JWT strings must contain exactly 2 period characters. Found: 0"
2026-04-03 18:50:52.157 WAT [Error] AccessDeniedException "org.springframework.security.access.AccessDeniedException: Accès refusé"
2026-04-03 18:50:53.321 WAT [Error] AccessDeniedException "org.springframework.security.access.AccessDeniedException: Accès refusé"
2026-04-03 18:51:29.873 WAT [Error] getAllClaimsFromToken : "curl -k -X POST https://192.168.1.1:8443/api/production/newnotification/create -H Content-Type:", "JWT strings must contain exactly 2 period characters. Found: 3"
2026-04-03 18:51:29.875 WAT [Error] AccessDeniedException "org.springframework.security.access.AccessDeniedException: Accès refusé"
2026-04-03 18:51:53.941 WAT [Error] AccessDeniedException "org.springframework.security.access.AccessDeniedException: Accès refusé"
2026-04-03 18:52:14.135 WAT [Error] getAllClaimsFromToken : "curl -k -X POST https://192.168.1.1:8443/api/production/newnotification/create -H Content-Type:", "JWT strings must contain exactly 2 period characters. Found: 3"
2026-04-03 18:52:14.136 WAT [Error] AccessDeniedException "org.springframework.security.access.AccessDeniedException: Accès refusé"
2026-04-03 18:52:53.327 WAT [Error] AccessDeniedException "org.springframework.security.access.AccessDeniedException: Accès refusé"
2026-04-03 18:53:53.936 WAT [Error] AccessDeniedException "org.springframework.security.access.AccessDeniedException: Accès refusé"
2026-04-03 18:54:53.318 WAT [Error] AccessDeniedException "org.springframework.security.access.AccessDeniedException: Accès refusé"
2026-04-03 18:55:53.944 WAT [Error] AccessDeniedException "org.springframework.security.access.AccessDeniedException: Accès refusé"
2026-04-03 18:56:53.323 WAT [Error] AccessDeniedException "org.springframework.security.access.AccessDeniedException: Accès refusé"
2026-04-03 18:57:53.941 WAT [Error] AccessDeniedException "org.springframework.security.access.AccessDeniedException: Accès refusé"
2026-04-03 18:58:53.322 WAT [Error] AccessDeniedException "org.springframework.security.access.AccessDeniedException: Accès refusé"
2026-04-03 18:59:53.952 WAT [Error] AccessDeniedException "org.springframework.security.access.AccessDeniedException: Accès refusé"
2026-04-03 19:00:53.329 WAT [Error] AccessDeniedException "org.springframework.security.access.AccessDeniedException: Accès refusé"
2026-04-03 19:01:53.947 WAT [Error] AccessDeniedException "org.springframework.security.access.AccessDeniedException: Accès refusé"
2026-04-03 19:02:35.238 WAT [Error] ResourceNotFoundException "dz.elit.sihati.domain.exceptions.ResourceNotFoundException: RequestAppointment with id=43 not found"
2026-04-03 19:02:53.333 WAT [Error] AccessDeniedException "org.springframework.security.access.AccessDeniedException: Accès refusé"
2026-04-03 19:03:53.950 WAT [Error] AccessDeniedException "org.springframework.security.access.AccessDeniedException: Accès refusé"
2026-04-03 19:04:50.016 WAT [Error] getAllClaimsFromToken : "gggggggg", "JWT strings must contain exactly 2 period characters. Found: 0"
2026-04-03 19:04:50.019 WAT [Error] AccessDeniedException "org.springframework.security.access.AccessDeniedException: Accès refusé"
2026-04-03 19:04:50.021 WAT [Error] getAllClaimsFromToken : "gggggggg", "JWT strings must contain exactly 2 period characters. Found: 0"
2026-04-03 19:04:50.022 WAT [Error] AccessDeniedException "org.springframework.security.access.AccessDeniedException: Accès refusé"
2026-04-03 19:04:51.119 WAT [Error] getAllClaimsFromToken : "gggggggg", "JWT strings must contain exactly 2 period characters. Found: 0"
2026-04-03 19:04:51.120 WAT [Error] AccessDeniedException "org.springframework.security.access.AccessDeniedException: Accès refusé"
2026-04-03 19:04:51.121 WAT [Error] getAllClaimsFromToken : "gggggggg", "JWT strings must contain exactly 2 period characters. Found: 0"
2026-04-03 19:04:51.122 WAT [Error] AccessDeniedException "org.springframework.security.access.AccessDeniedException: Accès refusé"
2026-04-03 19:04:51.541 WAT [Error] getAllClaimsFromToken : "gggggggg", "JWT strings must contain exactly 2 period characters. Found: 0"
2026-04-03 19:04:51.542 WAT [Error] AccessDeniedException "org.springframework.security.access.AccessDeniedException: Accès refusé"
2026-04-03 19:04:51.542 WAT [Error] getAllClaimsFromToken : "gggggggg", "JWT strings must contain exactly 2 period characters. Found: 0"
2026-04-03 19:04:51.543 WAT [Error] AccessDeniedException "org.springframework.security.access.AccessDeniedException: Accès refusé"
2026-04-03 19:04:51.784 WAT [Error] getAllClaimsFromToken : "gggggggg", "JWT strings must contain exactly 2 period characters. Found: 0"
2026-04-03 19:04:51.785 WAT [Error] AccessDeniedException "org.springframework.security.access.AccessDeniedException: Accès refusé"
2026-04-03 19:04:51.785 WAT [Error] getAllClaimsFromToken : "gggggggg", "JWT strings must contain exactly 2 period characters. Found: 0"
2026-04-03 19:04:51.786 WAT [Error] AccessDeniedException "org.springframework.security.access.AccessDeniedException: Accès refusé"
2026-04-03 19:04:52.112 WAT [Error] getAllClaimsFromToken : "gggggggg", "JWT strings must contain exactly 2 period characters. Found: 0"
2026-04-03 19:04:52.112 WAT [Error] AccessDeniedException "org.springframework.security.access.AccessDeniedException: Accès refusé"
2026-04-03 19:04:52.113 WAT [Error] getAllClaimsFromToken : "gggggggg", "JWT strings must contain exactly 2 period characters. Found: 0"
2026-04-03 19:04:52.113 WAT [Error] AccessDeniedException "org.springframework.security.access.AccessDeniedException: Accès refusé"
2026-04-03 19:04:52.339 WAT [Error] getAllClaimsFromToken : "gggggggg", "JWT strings must contain exactly 2 period characters. Found: 0"
2026-04-03 19:04:52.340 WAT [Error] AccessDeniedException "org.springframework.security.access.AccessDeniedException: Accès refusé"
2026-04-03 19:04:52.342 WAT [Error] getAllClaimsFromToken : "gggggggg", "JWT strings must contain exactly 2 period characters. Found: 0"
2026-04-03 19:04:52.343 WAT [Error] AccessDeniedException "org.springframework.security.access.AccessDeniedException: Accès refusé"
2026-04-03 19:04:53.331 WAT [Error] AccessDeniedException "org.springframework.security.access.AccessDeniedException: Accès refusé"
2026-04-03 19:04:54.293 WAT [Error] getAllClaimsFromToken : "gggggggg", "JWT strings must contain exactly 2 period characters. Found: 0"
2026-04-03 19:04:54.293 WAT [Error] getAllClaimsFromToken : "gggggggg", "JWT strings must contain exactly 2 period characters. Found: 0"
2026-04-03 19:04:54.294 WAT [Error] AccessDeniedException "org.springframework.security.access.AccessDeniedException: Accès refusé"
2026-04-03 19:04:54.294 WAT [Error] AccessDeniedException "org.springframework.security.access.AccessDeniedException: Accès refusé"
2026-04-03 19:04:54.796 WAT [Error] getAllClaimsFromToken : "gggggggg", "JWT strings must contain exactly 2 period characters. Found: 0"
2026-04-03 19:04:54.797 WAT [Error] getAllClaimsFromToken : "gggggggg", "JWT strings must contain exactly 2 period characters. Found: 0"
2026-04-03 19:04:54.797 WAT [Error] AccessDeniedException "org.springframework.security.access.AccessDeniedException: Accès refusé"
2026-04-03 19:04:54.797 WAT [Error] AccessDeniedException "org.springframework.security.access.AccessDeniedException: Accès refusé"
2026-04-03 19:04:55.501 WAT [Error] getAllClaimsFromToken : "gggggggg", "JWT strings must contain exactly 2 period characters. Found: 0"
2026-04-03 19:04:55.502 WAT [Error] AccessDeniedException "org.springframework.security.access.AccessDeniedException: Accès refusé"
2026-04-03 19:04:55.502 WAT [Error] getAllClaimsFromToken : "gggggggg", "JWT strings must contain exactly 2 period characters. Found: 0"
2026-04-03 19:04:55.503 WAT [Error] AccessDeniedException "org.springframework.security.access.AccessDeniedException: Accès refusé"
2026-04-03 19:05:08.641 WAT [Error] getAllClaimsFromToken : "gggggggg", "JWT strings must contain exactly 2 period characters. Found: 0"
2026-04-03 19:05:08.642 WAT [Error] AccessDeniedException "org.springframework.security.access.AccessDeniedException: Accès refusé"
2026-04-03 19:05:08.643 WAT [Error] getAllClaimsFromToken : "gggggggg", "JWT strings must contain exactly 2 period characters. Found: 0"
2026-04-03 19:05:08.644 WAT [Error] AccessDeniedException "org.springframework.security.access.AccessDeniedException: Accès refusé"
2026-04-03 19:05:53.940 WAT [Error] AccessDeniedException "org.springframework.security.access.AccessDeniedException: Accès refusé"
2026-04-03 19:06:53.323 WAT [Error] AccessDeniedException "org.springframework.security.access.AccessDeniedException: Accès refusé"
2026-04-03 19:07:53.945 WAT [Error] AccessDeniedException "org.springframework.security.access.AccessDeniedException: Accès refusé"
2026-04-03 19:08:53.338 WAT [Error] AccessDeniedException "org.springframework.security.access.AccessDeniedException: Accès refusé"
2026-04-03 19:09:53.941 WAT [Error] AccessDeniedException "org.springframework.security.access.AccessDeniedException: Accès refusé"
2026-04-03 19:10:53.322 WAT [Error] AccessDeniedException "org.springframework.security.access.AccessDeniedException: Accès refusé"
2026-04-03 19:11:53.942 WAT [Error] AccessDeniedException "org.springframework.security.access.AccessDeniedException: Accès refusé"
2026-04-03 19:12:53.323 WAT [Error] AccessDeniedException "org.springframework.security.access.AccessDeniedException: Accès refusé"
2026-04-03 19:13:53.944 WAT [Error] AccessDeniedException "org.springframework.security.access.AccessDeniedException: Accès refusé"
2026-04-03 19:14:53.322 WAT [Error] AccessDeniedException "org.springframework.security.access.AccessDeniedException: Accès refusé"
2026-04-03 19:15:53.952 WAT [Error] AccessDeniedException "org.springframework.security.access.AccessDeniedException: Accès refusé"
2026-04-03 19:16:53.332 WAT [Error] AccessDeniedException "org.springframework.security.access.AccessDeniedException: Accès refusé"
2026-04-03 19:17:53.948 WAT [Error] AccessDeniedException "org.springframework.security.access.AccessDeniedException: Accès refusé"
2026-04-03 19:18:53.330 WAT [Error] AccessDeniedException "org.springframework.security.access.AccessDeniedException: Accès refusé"
2026-04-03 19:19:53.943 WAT [Error] AccessDeniedException "org.springframework.security.access.AccessDeniedException: Accès refusé"
2026-04-03 19:20:53.333 WAT [Error] AccessDeniedException "org.springframework.security.access.AccessDeniedException: Accès refusé"
2026-04-03 19:21:31.131 WAT [Error] ResourceNotFoundException "dz.elit.sihati.domain.exceptions.ResourceNotFoundException: No upcoming accepted appointment found for patient with code: U006"
2026-04-03 19:21:51.381 WAT [Error] getAllClaimsFromToken : "gggggggg", "JWT strings must contain exactly 2 period characters. Found: 0"
2026-04-03 19:21:51.384 WAT [Error] AccessDeniedException "org.springframework.security.access.AccessDeniedException: Accès refusé"
2026-04-03 19:21:53.943 WAT [Error] AccessDeniedException "org.springframework.security.access.AccessDeniedException: Accès refusé"
2026-04-03 19:22:31.770 WAT [Error] getAllClaimsFromToken : "gggggggg", "JWT strings must contain exactly 2 period characters. Found: 0"
2026-04-03 19:22:31.771 WAT [Error] AccessDeniedException "org.springframework.security.access.AccessDeniedException: Accès refusé"
2026-04-03 19:22:53.326 WAT [Error] AccessDeniedException "org.springframework.security.access.AccessDeniedException: Accès refusé"
2026-04-03 19:23:32.522 WAT [Error] getAllClaimsFromToken : "gggggggg", "JWT strings must contain exactly 2 period characters. Found: 0"
2026-04-03 19:23:32.524 WAT [Error] AccessDeniedException "org.springframework.security.access.AccessDeniedException: Accès refusé"
2026-04-03 19:23:53.940 WAT [Error] AccessDeniedException "org.springframework.security.access.AccessDeniedException: Accès refusé"
2026-04-03 19:24:53.326 WAT [Error] AccessDeniedException "org.springframework.security.access.AccessDeniedException: Accès refusé"
2026-04-03 19:25:04.268 WAT [Error] getAllClaimsFromToken : "gggggggg", "JWT strings must contain exactly 2 period characters. Found: 0"
2026-04-03 19:25:04.268 WAT [Error] AccessDeniedException "org.springframework.security.access.AccessDeniedException: Accès refusé"
2026-04-03 19:25:04.268 WAT [Error] getAllClaimsFromToken : "gggggggg", "JWT strings must contain exactly 2 period characters. Found: 0"
2026-04-03 19:25:04.270 WAT [Error] AccessDeniedException "org.springframework.security.access.AccessDeniedException: Accès refusé"
2026-04-03 19:25:40.012 WAT [Error] getAllClaimsFromToken : "gggggggg", "JWT strings must contain exactly 2 period characters. Found: 0"
2026-04-03 19:25:40.013 WAT [Error] AccessDeniedException "org.springframework.security.access.AccessDeniedException: Accès refusé"
2026-04-03 19:25:40.019 WAT [Error] getAllClaimsFromToken : "gggggggg", "JWT strings must contain exactly 2 period characters. Found: 0"
2026-04-03 19:25:40.020 WAT [Error] AccessDeniedException "org.springframework.security.access.AccessDeniedException: Accès refusé"
2026-04-03 19:25:53.952 WAT [Error] AccessDeniedException "org.springframework.security.access.AccessDeniedException: Accès refusé"
2026-04-03 19:26:53.324 WAT [Error] AccessDeniedException "org.springframework.security.access.AccessDeniedException: Accès refusé"
2026-04-03 19:27:53.950 WAT [Error] AccessDeniedException "org.springframework.security.access.AccessDeniedException: Accès refusé"
2026-04-03 19:28:53.327 WAT [Error] AccessDeniedException "org.springframework.security.access.AccessDeniedException: Accès refusé"
2026-04-03 19:29:53.942 WAT [Error] AccessDeniedException "org.springframework.security.access.AccessDeniedException: Accès refusé"
2026-04-03 19:30:11.408 WAT [Error] ResourceNotFoundException "dz.elit.sihati.domain.exceptions.ResourceNotFoundException: No upcoming accepted appointment found for patient with code: U006"
2026-04-03 19:30:53.328 WAT [Error] AccessDeniedException "org.springframework.security.access.AccessDeniedException: Accès refusé"
2026-04-03 19:31:28.182 WAT [Error] getAllClaimsFromToken : "gggggggg", "JWT strings must contain exactly 2 period characters. Found: 0"
2026-04-03 19:31:28.184 WAT [Error] AccessDeniedException "org.springframework.security.access.AccessDeniedException: Accès refusé"
2026-04-03 19:31:28.185 WAT [Error] getAllClaimsFromToken : "gggggggg", "JWT strings must contain exactly 2 period characters. Found: 0"
2026-04-03 19:31:28.186 WAT [Error] AccessDeniedException "org.springframework.security.access.AccessDeniedException: Accès refusé"
2026-04-03 19:31:29.836 WAT [Error] getAllClaimsFromToken : "gggggggg", "JWT strings must contain exactly 2 period characters. Found: 0"
2026-04-03 19:31:29.836 WAT [Error] getAllClaimsFromToken : "gggggggg", "JWT strings must contain exactly 2 period characters. Found: 0"
2026-04-03 19:31:29.837 WAT [Error] AccessDeniedException "org.springframework.security.access.AccessDeniedException: Accès refusé"
2026-04-03 19:31:29.837 WAT [Error] AccessDeniedException "org.springframework.security.access.AccessDeniedException: Accès refusé"
2026-04-03 19:31:35.803 WAT [Error] getAllClaimsFromToken : "gggggggg", "JWT strings must contain exactly 2 period characters. Found: 0"
2026-04-03 19:31:35.804 WAT [Error] AccessDeniedException "org.springframework.security.access.AccessDeniedException: Accès refusé"
2026-04-03 19:31:35.805 WAT [Error] getAllClaimsFromToken : "gggggggg", "JWT strings must contain exactly 2 period characters. Found: 0"
2026-04-03 19:31:35.805 WAT [Error] AccessDeniedException "org.springframework.security.access.AccessDeniedException: Accès refusé"
2026-04-03 19:31:53.941 WAT [Error] AccessDeniedException "org.springframework.security.access.AccessDeniedException: Accès refusé"
2026-04-03 19:32:48.501 WAT [Error] getAllClaimsFromToken : "gggggggg", "JWT strings must contain exactly 2 period characters. Found: 0"
2026-04-03 19:32:48.502 WAT [Error] AccessDeniedException "org.springframework.security.access.AccessDeniedException: Accès refusé"
2026-04-03 19:32:48.518 WAT [Error] getAllClaimsFromToken : "gggggggg", "JWT strings must contain exactly 2 period characters. Found: 0"
2026-04-03 19:32:48.519 WAT [Error] AccessDeniedException "org.springframework.security.access.AccessDeniedException: Accès refusé"
2026-04-03 19:32:53.331 WAT [Error] AccessDeniedException "org.springframework.security.access.AccessDeniedException: Accès refusé"
2026-04-03 19:33:53.952 WAT [Error] AccessDeniedException "org.springframework.security.access.AccessDeniedException: Accès refusé"
2026-04-03 19:34:53.331 WAT [Error] AccessDeniedException "org.springframework.security.access.AccessDeniedException: Accès refusé"
2026-04-03 19:35:53.947 WAT [Error] AccessDeniedException "org.springframework.security.access.AccessDeniedException: Accès refusé"
2026-04-03 19:36:53.337 WAT [Error] AccessDeniedException "org.springframework.security.access.AccessDeniedException: Accès refusé"
2026-04-03 19:37:53.939 WAT [Error] AccessDeniedException "org.springframework.security.access.AccessDeniedException: Accès refusé"
2026-04-03 19:38:53.323 WAT [Error] AccessDeniedException "org.springframework.security.access.AccessDeniedException: Accès refusé"
2026-04-03 19:39:53.935 WAT [Error] AccessDeniedException "org.springframework.security.access.AccessDeniedException: Accès refusé"
2026-04-03 19:40:53.327 WAT [Error] AccessDeniedException "org.springframework.security.access.AccessDeniedException: Accès refusé"
2026-04-03 19:41:53.937 WAT [Error] AccessDeniedException "org.springframework.security.access.AccessDeniedException: Accès refusé"
2026-04-03 19:42:53.333 WAT [Error] AccessDeniedException "org.springframework.security.access.AccessDeniedException: Accès refusé"
2026-04-03 19:43:53.951 WAT [Error] AccessDeniedException "org.springframework.security.access.AccessDeniedException: Accès refusé"
2026-04-03 19:44:53.323 WAT [Error] AccessDeniedException "org.springframework.security.access.AccessDeniedException: Accès refusé"
2026-04-03 19:45:53.940 WAT [Error] AccessDeniedException "org.springframework.security.access.AccessDeniedException: Accès refusé"
2026-04-03 19:46:53.315 WAT [Error] AccessDeniedException "org.springframework.security.access.AccessDeniedException: Accès refusé"
2026-04-03 19:47:53.942 WAT [Error] AccessDeniedException "org.springframework.security.access.AccessDeniedException: Accès refusé"
2026-04-03 19:48:53.323 WAT [Error] AccessDeniedException "org.springframework.security.access.AccessDeniedException: Accès refusé"
2026-04-03 19:49:53.943 WAT [Error] AccessDeniedException "org.springframework.security.access.AccessDeniedException: Accès refusé"
2026-04-03 19:50:53.329 WAT [Error] AccessDeniedException "org.springframework.security.access.AccessDeniedException: Accès refusé"
2026-04-03 19:51:53.941 WAT [Error] AccessDeniedException "org.springframework.security.access.AccessDeniedException: Accès refusé"
2026-04-03 19:52:53.327 WAT [Error] AccessDeniedException "org.springframework.security.access.AccessDeniedException: Accès refusé"
2026-04-03 19:53:53.937 WAT [Error] AccessDeniedException "org.springframework.security.access.AccessDeniedException: Accès refusé"
2026-04-03 19:54:53.330 WAT [Error] AccessDeniedException "org.springframework.security.access.AccessDeniedException: Accès refusé"
2026-04-03 19:55:53.934 WAT [Error] AccessDeniedException "org.springframework.security.access.AccessDeniedException: Accès refusé"
2026-04-03 19:56:53.333 WAT [Error] AccessDeniedException "org.springframework.security.access.AccessDeniedException: Accès refusé"
2026-04-03 19:57:53.947 WAT [Error] AccessDeniedException "org.springframework.security.access.AccessDeniedException: Accès refusé"
2026-04-03 19:58:53.331 WAT [Error] AccessDeniedException "org.springframework.security.access.AccessDeniedException: Accès refusé"
2026-04-03 19:59:53.945 WAT [Error] AccessDeniedException "org.springframework.security.access.AccessDeniedException: Accès refusé"
2026-04-03 20:00:53.327 WAT [Error] AccessDeniedException "org.springframework.security.access.AccessDeniedException: Accès refusé"
2026-04-03 20:01:53.958 WAT [Error] AccessDeniedException "org.springframework.security.access.AccessDeniedException: Accès refusé"
2026-04-03 20:02:53.320 WAT [Error] AccessDeniedException "org.springframework.security.access.AccessDeniedException: Accès refusé"
2026-04-03 20:03:53.946 WAT [Error] AccessDeniedException "org.springframework.security.access.AccessDeniedException: Accès refusé"
2026-04-03 20:04:53.332 WAT [Error] AccessDeniedException "org.springframework.security.access.AccessDeniedException: Accès refusé"
2026-04-03 20:05:53.940 WAT [Error] AccessDeniedException "org.springframework.security.access.AccessDeniedException: Accès refusé"
2026-04-03 20:06:53.330 WAT [Error] AccessDeniedException "org.springframework.security.access.AccessDeniedException: Accès refusé"
2026-04-03 20:07:53.942 WAT [Error] AccessDeniedException "org.springframework.security.access.AccessDeniedException: Accès refusé"
2026-04-03 20:08:53.321 WAT [Error] AccessDeniedException "org.springframework.security.access.AccessDeniedException: Accès refusé"
2026-04-03 20:09:53.945 WAT [Error] AccessDeniedException "org.springframework.security.access.AccessDeniedException: Accès refusé"
2026-04-03 20:10:53.323 WAT [Error] AccessDeniedException "org.springframework.security.access.AccessDeniedException: Accès refusé"
2026-04-03 20:11:53.950 WAT [Error] AccessDeniedException "org.springframework.security.access.AccessDeniedException: Accès refusé"
2026-04-03 20:12:53.321 WAT [Error] AccessDeniedException "org.springframework.security.access.AccessDeniedException: Accès refusé"
2026-04-03 20:13:53.936 WAT [Error] AccessDeniedException "org.springframework.security.access.AccessDeniedException: Accès refusé"
2026-04-03 20:14:53.324 WAT [Error] AccessDeniedException "org.springframework.security.access.AccessDeniedException: Accès refusé"
2026-04-03 20:15:53.944 WAT [Error] AccessDeniedException "org.springframework.security.access.AccessDeniedException: Accès refusé"
2026-04-03 20:16:53.326 WAT [Error] AccessDeniedException "org.springframework.security.access.AccessDeniedException: Accès refusé"
2026-04-03 20:17:53.937 WAT [Error] AccessDeniedException "org.springframework.security.access.AccessDeniedException: Accès refusé"
2026-04-03 20:18:53.328 WAT [Error] AccessDeniedException "org.springframework.security.access.AccessDeniedException: Accès refusé"
2026-04-03 20:19:53.939 WAT [Error] AccessDeniedException "org.springframework.security.access.AccessDeniedException: Accès refusé"
2026-04-03 20:20:53.327 WAT [Error] AccessDeniedException "org.springframework.security.access.AccessDeniedException: Accès refusé"
2026-04-03 20:56:37.829 WAT [Error] AccessDeniedException "org.springframework.security.access.AccessDeniedException: Accès refusé"
2026-04-03 20:56:50.392 WAT [Error] getAllClaimsFromToken : "gggggggg", "JWT strings must contain exactly 2 period characters. Found: 0"
2026-04-03 20:56:50.392 WAT [Error] getAllClaimsFromToken : "gggggggg", "JWT strings must contain exactly 2 period characters. Found: 0"
2026-04-03 20:56:50.407 WAT [Error] AccessDeniedException "org.springframework.security.access.AccessDeniedException: Accès refusé"
2026-04-03 20:56:50.408 WAT [Error] AccessDeniedException "org.springframework.security.access.AccessDeniedException: Accès refusé"
2026-04-03 20:56:51.568 WAT [Error] getAllClaimsFromToken : "gggggggg", "JWT strings must contain exactly 2 period characters. Found: 0"
2026-04-03 20:56:51.568 WAT [Error] getAllClaimsFromToken : "gggggggg", "JWT strings must contain exactly 2 period characters. Found: 0"
2026-04-03 20:56:51.569 WAT [Error] AccessDeniedException "org.springframework.security.access.AccessDeniedException: Accès refusé"
2026-04-03 20:56:51.569 WAT [Error] AccessDeniedException "org.springframework.security.access.AccessDeniedException: Accès refusé"
2026-04-03 20:56:53.335 WAT [Error] AccessDeniedException "org.springframework.security.access.AccessDeniedException: Accès refusé"
2026-04-03 20:57:53.949 WAT [Error] AccessDeniedException "org.springframework.security.access.AccessDeniedException: Accès refusé"
2026-04-03 20:58:53.327 WAT [Error] AccessDeniedException "org.springframework.security.access.AccessDeniedException: Accès refusé"
2026-04-03 20:59:53.937 WAT [Error] AccessDeniedException "org.springframework.security.access.AccessDeniedException: Accès refusé"
2026-04-03 21:00:53.325 WAT [Error] AccessDeniedException "org.springframework.security.access.AccessDeniedException: Accès refusé"
2026-04-03 21:01:53.935 WAT [Error] AccessDeniedException "org.springframework.security.access.AccessDeniedException: Accès refusé"
2026-04-03 21:02:53.331 WAT [Error] AccessDeniedException "org.springframework.security.access.AccessDeniedException: Accès refusé"
2026-04-03 21:03:53.950 WAT [Error] AccessDeniedException "org.springframework.security.access.AccessDeniedException: Accès refusé"
2026-04-03 21:04:53.326 WAT [Error] AccessDeniedException "org.springframework.security.access.AccessDeniedException: Accès refusé"
2026-04-03 21:05:53.949 WAT [Error] AccessDeniedException "org.springframework.security.access.AccessDeniedException: Accès refusé"
2026-04-03 21:06:53.322 WAT [Error] AccessDeniedException "org.springframework.security.access.AccessDeniedException: Accès refusé"
2026-04-03 21:07:53.953 WAT [Error] AccessDeniedException "org.springframework.security.access.AccessDeniedException: Accès refusé"
2026-04-03 21:08:53.338 WAT [Error] AccessDeniedException "org.springframework.security.access.AccessDeniedException: Accès refusé"
2026-04-03 21:09:53.930 WAT [Error] AccessDeniedException "org.springframework.security.access.AccessDeniedException: Accès refusé"
2026-04-03 21:10:53.316 WAT [Error] AccessDeniedException "org.springframework.security.access.AccessDeniedException: Accès refusé"
2026-04-03 21:11:53.940 WAT [Error] AccessDeniedException "org.springframework.security.access.AccessDeniedException: Accès refusé"
2026-04-03 21:12:53.318 WAT [Error] AccessDeniedException "org.springframework.security.access.AccessDeniedException: Accès refusé"
2026-04-03 21:13:53.945 WAT [Error] AccessDeniedException "org.springframework.security.access.AccessDeniedException: Accès refusé"
2026-04-03 21:14:53.335 WAT [Error] AccessDeniedException "org.springframework.security.access.AccessDeniedException: Accès refusé"
2026-04-03 21:15:53.949 WAT [Error] AccessDeniedException "org.springframework.security.access.AccessDeniedException: Accès refusé"
2026-04-03 21:16:53.326 WAT [Error] AccessDeniedException "org.springframework.security.access.AccessDeniedException: Accès refusé"
2026-04-03 21:17:53.940 WAT [Error] AccessDeniedException "org.springframework.security.access.AccessDeniedException: Accès refusé"
2026-04-03 21:18:23.418 WAT [Error] ResourceNotFoundException "dz.elit.sihati.domain.exceptions.ResourceNotFoundException: No upcoming accepted appointment found for patient with code: U006"
2026-04-03 21:18:53.329 WAT [Error] AccessDeniedException "org.springframework.security.access.AccessDeniedException: Accès refusé"
2026-04-03 21:19:53.945 WAT [Error] AccessDeniedException "org.springframework.security.access.AccessDeniedException: Accès refusé"
2026-04-03 21:36:37.629 WAT [Error] AccessDeniedException "org.springframework.security.access.AccessDeniedException: Accès refusé"
2026-04-03 21:36:37.988 WAT [Error] AccessDeniedException "org.springframework.security.access.AccessDeniedException: Accès refusé"
2026-04-03 22:37:49.961 WAT [Error] AccessDeniedException "org.springframework.security.access.AccessDeniedException: Accès refusé"
2026-04-03 22:38:50.948 WAT [Error] AccessDeniedException "org.springframework.security.access.AccessDeniedException: Accès refusé"
2026-04-03 22:39:51.936 WAT [Error] AccessDeniedException "org.springframework.security.access.AccessDeniedException: Accès refusé"
2026-04-03 22:40:52.942 WAT [Error] AccessDeniedException "org.springframework.security.access.AccessDeniedException: Accès refusé"
2026-04-03 22:41:53.943 WAT [Error] AccessDeniedException "org.springframework.security.access.AccessDeniedException: Accès refusé"
2026-04-03 22:42:53.320 WAT [Error] AccessDeniedException "org.springframework.security.access.AccessDeniedException: Accès refusé"
2026-04-03 22:43:53.936 WAT [Error] AccessDeniedException "org.springframework.security.access.AccessDeniedException: Accès refusé"
2026-04-03 22:44:53.333 WAT [Error] AccessDeniedException "org.springframework.security.access.AccessDeniedException: Accès refusé"
2026-04-03 22:45:53.935 WAT [Error] AccessDeniedException "org.springframework.security.access.AccessDeniedException: Accès refusé"
2026-04-03 22:46:53.330 WAT [Error] AccessDeniedException "org.springframework.security.access.AccessDeniedException: Accès refusé"
2026-04-03 22:47:53.934 WAT [Error] AccessDeniedException "org.springframework.security.access.AccessDeniedException: Accès refusé"
2026-04-03 22:48:53.318 WAT [Error] AccessDeniedException "org.springframework.security.access.AccessDeniedException: Accès refusé"
2026-04-03 22:49:53.943 WAT [Error] AccessDeniedException "org.springframework.security.access.AccessDeniedException: Accès refusé"
2026-04-03 22:50:53.330 WAT [Error] AccessDeniedException "org.springframework.security.access.AccessDeniedException: Accès refusé"
2026-04-03 22:51:53.942 WAT [Error] AccessDeniedException "org.springframework.security.access.AccessDeniedException: Accès refusé"
2026-04-03 22:52:53.317 WAT [Error] AccessDeniedException "org.springframework.security.access.AccessDeniedException: Accès refusé"
2026-04-03 22:53:53.940 WAT [Error] AccessDeniedException "org.springframework.security.access.AccessDeniedException: Accès refusé"
2026-04-03 22:54:53.317 WAT [Error] AccessDeniedException "org.springframework.security.access.AccessDeniedException: Accès refusé"
2026-04-03 22:55:53.943 WAT [Error] AccessDeniedException "org.springframework.security.access.AccessDeniedException: Accès refusé"
2026-04-03 22:56:53.932 WAT [Error] AccessDeniedException "org.springframework.security.access.AccessDeniedException: Accès refusé"
2026-04-03 22:57:53.328 WAT [Error] AccessDeniedException "org.springframework.security.access.AccessDeniedException: Accès refusé"
2026-04-03 22:58:53.933 WAT [Error] AccessDeniedException "org.springframework.security.access.AccessDeniedException: Accès refusé"
2026-04-03 22:59:53.333 WAT [Error] AccessDeniedException "org.springframework.security.access.AccessDeniedException: Accès refusé"
2026-04-03 23:00:53.940 WAT [Error] AccessDeniedException "org.springframework.security.access.AccessDeniedException: Accès refusé"
2026-04-03 23:01:53.326 WAT [Error] AccessDeniedException "org.springframework.security.access.AccessDeniedException: Accès refusé"
2026-04-03 23:02:53.935 WAT [Error] AccessDeniedException "org.springframework.security.access.AccessDeniedException: Accès refusé"
2026-04-03 23:03:53.322 WAT [Error] AccessDeniedException "org.springframework.security.access.AccessDeniedException: Accès refusé"
2026-04-03 23:04:53.945 WAT [Error] AccessDeniedException "org.springframework.security.access.AccessDeniedException: Accès refusé"
2026-04-03 23:05:53.320 WAT [Error] AccessDeniedException "org.springframework.security.access.AccessDeniedException: Accès refusé"
2026-04-03 23:06:53.951 WAT [Error] AccessDeniedException "org.springframework.security.access.AccessDeniedException: Accès refusé"
2026-04-03 23:07:53.327 WAT [Error] AccessDeniedException "org.springframework.security.access.AccessDeniedException: Accès refusé"
2026-04-03 23:08:53.941 WAT [Error] AccessDeniedException "org.springframework.security.access.AccessDeniedException: Accès refusé"
2026-04-03 23:09:53.319 WAT [Error] AccessDeniedException "org.springframework.security.access.AccessDeniedException: Accès refusé"
2026-04-03 23:10:53.932 WAT [Error] AccessDeniedException "org.springframework.security.access.AccessDeniedException: Accès refusé"
2026-04-03 23:11:53.319 WAT [Error] AccessDeniedException "org.springframework.security.access.AccessDeniedException: Accès refusé"
2026-04-03 23:12:53.937 WAT [Error] AccessDeniedException "org.springframework.security.access.AccessDeniedException: Accès refusé"
